# JRE version: OpenJDK Runtime Environment Temurin-21.0.10+7 (21.0.10+7) (build 21.0.10+7-LTS)
# Java VM: OpenJDK 64-Bit Server VM Temurin-21.0.10+7 (21.0.10+7-LTS, mixed mode, sharing, tiered, compressed oops, compressed class ptrs, g1 gc, windows-amd64)
GC Precious Log:
 CardTable entry size: 512
 Card Set container configuration: InlinePtr #cards 5 size 8 Array Of Cards #cards 12 size 40 Howl #buckets 4 coarsen threshold 1843 Howl Bitmap #cards 512 size 80 coarsen threshold 460 Card regions per heap region 1 cards per card region 2048
 CPUs: 4 total, 4 available
 Memory: 8092M
 Large Page Support: Disabled
 NUMA Support: Disabled
 Compressed Oops: Enabled (32-bit)
 Heap Region Size: 1M
 Heap Min Capacity: 256M
 Heap Initial Capacity: 256M
 Heap Max Capacity: 512M
 Pre-touch: Disabled
 Parallel Workers: 4
 Concurrent Workers: 1
 Concurrent Refinement Workers: 4
 Periodic GC: Disabled
Heap:
 garbage-first heap   total 262144K, used 102912K [0x00000000e0000000, 0x0000000100000000)
  region size 1024K, 17 young (17408K), 8 survivors (8192K)
 Metaspace       used 81065K, committed 83008K, reserved 458752K
  class space    used 11530K, committed 12480K, reserved 327680K
GC Heap History (20 events):
Event: 1.478 GC heap before
{Heap before GC invocations=0 (full 0):
 garbage-first heap   total 262144K, used 13312K [0x00000000e0000000, 0x0000000100000000)
  region size 1024K, 13 young (13312K), 0 survivors (0K)
 Metaspace       used 821K, committed 960K, reserved 393216K
  class space    used 70K, committed 128K, reserved 327680K
}
Event: 1.698 GC heap after
{Heap after GC invocations=1 (full 0):
 garbage-first heap   total 262144K, used 1280K [0x00000000e0000000, 0x0000000100000000)
  region size 1024K, 2 young (2048K), 2 survivors (2048K)
 Metaspace       used 821K, committed 960K, reserved 393216K
  class space    used 70K, committed 128K, reserved 327680K
}
Event: 3.645 GC heap before
{Heap before GC invocations=1 (full 0):
 garbage-first heap   total 262144K, used 23808K [0x00000000e0000000, 0x0000000100000000)
  region size 1024K, 21 young (21504K), 2 survivors (2048K)
 Metaspace       used 3443K, committed 3712K, reserved 393216K
  class space    used 450K, committed 576K, reserved 327680K
}
Event: 3.652 GC heap after
{Heap after GC invocations=2 (full 0):
 garbage-first heap   total 262144K, used 11016K [0x00000000e0000000, 0x0000000100000000)
  region size 1024K, 3 young (3072K), 3 survivors (3072K)
 Metaspace       used 3443K, committed 3712K, reserved 393216K
  class space    used 450K, committed 576K, reserved 327680K
}
Event: 11.578 GC heap before
{Heap before GC invocations=2 (full 0):
 garbage-first heap   total 262144K, used 118536K [0x00000000e0000000, 0x0000000100000000)
  region size 1024K, 106 young (108544K), 3 survivors (3072K)
 Metaspace       used 15123K, committed 15552K, reserved 393216K
  class space    used 2107K, committed 2304K, reserved 327680K
}
Event: 11.598 GC heap after
{Heap after GC invocations=3 (full 0):
 garbage-first heap   total 262144K, used 21698K [0x00000000e0000000, 0x0000000100000000)
  region size 1024K, 13 young (13312K), 13 survivors (13312K)
 Metaspace       used 15123K, committed 15552K, reserved 393216K
  class space    used 2107K, committed 2304K, reserved 327680K
}
Event: 15.374 GC heap before
{Heap before GC invocations=3 (full 0):
 garbage-first heap   total 262144K, used 63682K [0x00000000e0000000, 0x0000000100000000)
  region size 1024K, 55 young (56320K), 13 survivors (13312K)
 Metaspace       used 20854K, committed 21504K, reserved 393216K
  class space    used 3076K, committed 3392K, reserved 327680K
}
Event: 15.397 GC heap after
{Heap after GC invocations=4 (full 0):
 garbage-first heap   total 262144K, used 25420K [0x00000000e0000000, 0x0000000100000000)
  region size 1024K, 4 young (4096K), 4 survivors (4096K)
 Metaspace       used 20854K, committed 21504K, reserved 393216K
  class space    used 3076K, committed 3392K, reserved 327680K
}
Event: 22.667 GC heap before
{Heap before GC invocations=5 (full 0):
 garbage-first heap   total 262144K, used 116556K [0x00000000e0000000, 0x0000000100000000)
  region size 1024K, 95 young (97280K), 4 survivors (4096K)
 Metaspace       used 34770K, committed 35968K, reserved 393216K
  class space    used 5169K, committed 5760K, reserved 327680K
}
Event: 22.684 GC heap after
{Heap after GC invocations=6 (full 0):
 garbage-first heap   total 262144K, used 32185K [0x00000000e0000000, 0x0000000100000000)
  region size 1024K, 10 young (10240K), 10 survivors (10240K)
 Metaspace       used 34770K, committed 35968K, reserved 393216K
  class space    used 5169K, committed 5760K, reserved 327680K
}
Event: 35.464 GC heap before
{Heap before GC invocations=7 (full 0):
 garbage-first heap   total 262144K, used 184761K [0x00000000e0000000, 0x0000000100000000)
  region size 1024K, 153 young (156672K), 10 survivors (10240K)
 Metaspace       used 48008K, committed 49728K, reserved 393216K
  class space    used 6946K, committed 7808K, reserved 327680K
}
Event: 35.502 GC heap after
{Heap after GC invocations=8 (full 0):
 garbage-first heap   total 262144K, used 43480K [0x00000000e0000000, 0x0000000100000000)
  region size 1024K, 20 young (20480K), 20 survivors (20480K)
 Metaspace       used 48008K, committed 49728K, reserved 393216K
  class space    used 6946K, committed 7808K, reserved 327680K
}
Event: 49.623 GC heap before
{Heap before GC invocations=8 (full 0):
 garbage-first heap   total 262144K, used 189912K [0x00000000e0000000, 0x0000000100000000)
  region size 1024K, 153 young (156672K), 20 survivors (20480K)
 Metaspace       used 50400K, committed 52096K, reserved 393216K
  class space    used 7181K, committed 8000K, reserved 327680K
}
Event: 49.672 GC heap after
{Heap after GC invocations=9 (full 0):
 garbage-first heap   total 262144K, used 64457K [0x00000000e0000000, 0x0000000100000000)
  region size 1024K, 12 young (12288K), 12 survivors (12288K)
 Metaspace       used 50400K, committed 52096K, reserved 393216K
  class space    used 7181K, committed 8000K, reserved 327680K
}
Event: 54.914 GC heap before
{Heap before GC invocations=9 (full 0):
 garbage-first heap   total 262144K, used 154569K [0x00000000e0000000, 0x0000000100000000)
  region size 1024K, 96 young (98304K), 12 survivors (12288K)
 Metaspace       used 58497K, committed 60288K, reserved 393216K
  class space    used 8273K, committed 9152K, reserved 327680K
}
Event: 54.933 GC heap after
{Heap after GC invocations=10 (full 0):
 garbage-first heap   total 262144K, used 72192K [0x00000000e0000000, 0x0000000100000000)
  region size 1024K, 8 young (8192K), 8 survivors (8192K)
 Metaspace       used 58497K, committed 60288K, reserved 393216K
  class space    used 8273K, committed 9152K, reserved 327680K
}
Event: 63.142 GC heap before
{Heap before GC invocations=11 (full 0):
 garbage-first heap   total 262144K, used 225792K [0x00000000e0000000, 0x0000000100000000)
  region size 1024K, 152 young (155648K), 8 survivors (8192K)
 Metaspace       used 68427K, committed 70336K, reserved 393216K
  class space    used 9591K, committed 10496K, reserved 327680K
}
Event: 63.164 GC heap after
{Heap after GC invocations=12 (full 0):
 garbage-first heap   total 262144K, used 88064K [0x00000000e0000000, 0x0000000100000000)
  region size 1024K, 17 young (17408K), 17 survivors (17408K)
 Metaspace       used 68427K, committed 70336K, reserved 393216K
  class space    used 9591K, committed 10496K, reserved 327680K
}
Event: 70.613 GC heap before
{Heap before GC invocations=12 (full 0):
 garbage-first heap   total 262144K, used 227328K [0x00000000e0000000, 0x0000000100000000)
  region size 1024K, 152 young (155648K), 17 survivors (17408K)
 Metaspace       used 80882K, committed 82816K, reserved 458752K
  class space    used 11490K, committed 12416K, reserved 327680K
}
Event: 70.647 GC heap after
{Heap after GC invocations=13 (full 0):
 garbage-first heap   total 262144K, used 94720K [0x00000000e0000000, 0x0000000100000000)
  region size 1024K, 8 young (8192K), 8 survivors (8192K)
 Metaspace       used 80882K, committed 82816K, reserved 458752K
  class space    used 11490K, committed 12416K, reserved 327680K
}

